{"C:\\Users\\lenovo\\ProjectWorkspace\\notesentiment\\backend\\app.js": {"path":"C:\\Users\\lenovo\\ProjectWorkspace\\notesentiment\\backend\\app.js","statementMap":{"0":{"start":{"line":1,"column":16},"end":{"line":1,"column":34}},"1":{"start":{"line":2,"column":13},"end":{"line":2,"column":28}},"2":{"start":{"line":3,"column":15},"end":{"line":3,"column":32}},"3":{"start":{"line":4,"column":24},"end":{"line":4,"column":52}},"4":{"start":{"line":5,"column":24},"end":{"line":5,"column":54}},"5":{"start":{"line":6,"column":23},"end":{"line":6,"column":53}},"6":{"start":{"line":8,"column":13},"end":{"line":8,"column":38}},"7":{"start":{"line":11,"column":0},"end":{"line":11,"column":16}},"8":{"start":{"line":14,"column":12},"end":{"line":14,"column":21}},"9":{"start":{"line":16,"column":0},"end":{"line":16,"column":16}},"10":{"start":{"line":17,"column":0},"end":{"line":17,"column":24}},"11":{"start":{"line":19,"column":0},"end":{"line":26,"column":5}},"12":{"start":{"line":21,"column":4},"end":{"line":21,"column":42}},"13":{"start":{"line":22,"column":4},"end":{"line":22,"column":42}},"14":{"start":{"line":25,"column":4},"end":{"line":25,"column":23}},"15":{"start":{"line":28,"column":0},"end":{"line":28,"column":21}}},"fnMap":{"0":{"name":"(anonymous_0)","decl":{"start":{"line":19,"column":25},"end":{"line":19,"column":26}},"loc":{"start":{"line":19,"column":33},"end":{"line":26,"column":3}},"line":19}},"branchMap":{},"s":{"0":2,"1":2,"2":2,"3":2,"4":2,"5":2,"6":2,"7":2,"8":2,"9":2,"10":2,"11":2,"12":2,"13":2,"14":2,"15":2},"f":{"0":2},"b":{},"_coverageSchema":"1a1c01bbd47fc00a2c39e90264f33305004495a9","hash":"3f371aa1619f7afd5acb2cf49da3958359360c97"}
,"C:\\Users\\lenovo\\ProjectWorkspace\\notesentiment\\backend\\config\\database.js": {"path":"C:\\Users\\lenovo\\ProjectWorkspace\\notesentiment\\backend\\config\\database.js","statementMap":{"0":{"start":{"line":1,"column":16},"end":{"line":1,"column":44}},"1":{"start":{"line":4,"column":2},"end":{"line":13,"column":5}},"2":{"start":{"line":5,"column":15},"end":{"line":12,"column":6}},"3":{"start":{"line":6,"column":6},"end":{"line":9,"column":7}},"4":{"start":{"line":7,"column":8},"end":{"line":7,"column":67}},"5":{"start":{"line":8,"column":8},"end":{"line":8,"column":27}},"6":{"start":{"line":10,"column":6},"end":{"line":10,"column":51}},"7":{"start":{"line":11,"column":6},"end":{"line":11,"column":18}},"8":{"start":{"line":16,"column":0},"end":{"line":16,"column":35}}},"fnMap":{"0":{"name":"connectToDatabase","decl":{"start":{"line":3,"column":9},"end":{"line":3,"column":26}},"loc":{"start":{"line":3,"column":57},"end":{"line":14,"column":1}},"line":3},"1":{"name":"(anonymous_1)","decl":{"start":{"line":4,"column":21},"end":{"line":4,"column":22}},"loc":{"start":{"line":4,"column":42},"end":{"line":13,"column":3}},"line":4},"2":{"name":"(anonymous_2)","decl":{"start":{"line":5,"column":44},"end":{"line":5,"column":45}},"loc":{"start":{"line":5,"column":53},"end":{"line":12,"column":5}},"line":5}},"branchMap":{"0":{"loc":{"start":{"line":3,"column":27},"end":{"line":3,"column":55}},"type":"default-arg","locations":[{"start":{"line":3,"column":36},"end":{"line":3,"column":55}}],"line":3},"1":{"loc":{"start":{"line":6,"column":6},"end":{"line":9,"column":7}},"type":"if","locations":[{"start":{"line":6,"column":6},"end":{"line":9,"column":7}},{"start":{},"end":{}}],"line":6}},"s":{"0":2,"1":3,"2":3,"3":3,"4":1,"5":1,"6":2,"7":2,"8":2},"f":{"0":3,"1":3,"2":3},"b":{"0":[2],"1":[1,2]},"_coverageSchema":"1a1c01bbd47fc00a2c39e90264f33305004495a9","hash":"62154848cde8300573793097573617e82cd31325"}
,"C:\\Users\\lenovo\\ProjectWorkspace\\notesentiment\\backend\\config\\setUp.js": {"path":"C:\\Users\\lenovo\\ProjectWorkspace\\notesentiment\\backend\\config\\setUp.js","statementMap":{"0":{"start":{"line":1,"column":26},"end":{"line":1,"column":47}},"1":{"start":{"line":3,"column":16},"end":{"line":3,"column":44}},"2":{"start":{"line":4,"column":11},"end":{"line":4,"column":52}},"3":{"start":{"line":6,"column":0},"end":{"line":29,"column":3}},"4":{"start":{"line":7,"column":2},"end":{"line":12,"column":7}},"5":{"start":{"line":14,"column":2},"end":{"line":28,"column":4}},"6":{"start":{"line":24,"column":6},"end":{"line":24,"column":23}},"7":{"start":{"line":25,"column":6},"end":{"line":25,"column":50}},"8":{"start":{"line":26,"column":6},"end":{"line":26,"column":17}}},"fnMap":{"0":{"name":"(anonymous_0)","decl":{"start":{"line":6,"column":13},"end":{"line":6,"column":14}},"loc":{"start":{"line":6,"column":19},"end":{"line":29,"column":1}},"line":6},"1":{"name":"(anonymous_1)","decl":{"start":{"line":23,"column":4},"end":{"line":23,"column":5}},"loc":{"start":{"line":23,"column":13},"end":{"line":27,"column":5}},"line":23}},"branchMap":{},"s":{"0":2,"1":2,"2":2,"3":2,"4":2,"5":2,"6":2,"7":2,"8":2},"f":{"0":2,"1":2},"b":{},"_coverageSchema":"1a1c01bbd47fc00a2c39e90264f33305004495a9","hash":"155a8782c82ccf32de995e05ef5d55d588822d4f"}
,"C:\\Users\\lenovo\\ProjectWorkspace\\notesentiment\\backend\\middleware\\authMiddleware.js": {"path":"C:\\Users\\lenovo\\ProjectWorkspace\\notesentiment\\backend\\middleware\\authMiddleware.js","statementMap":{"0":{"start":{"line":1,"column":12},"end":{"line":1,"column":35}},"1":{"start":{"line":2,"column":0},"end":{"line":2,"column":27}},"2":{"start":{"line":4,"column":21},"end":{"line":13,"column":1}},"3":{"start":{"line":5,"column":22},"end":{"line":5,"column":33}},"4":{"start":{"line":6,"column":4},"end":{"line":6,"column":71}},"5":{"start":{"line":6,"column":16},"end":{"line":6,"column":71}},"6":{"start":{"line":8,"column":4},"end":{"line":12,"column":7}},"7":{"start":{"line":9,"column":8},"end":{"line":9,"column":72}},"8":{"start":{"line":9,"column":17},"end":{"line":9,"column":72}},"9":{"start":{"line":10,"column":8},"end":{"line":10,"column":27}},"10":{"start":{"line":11,"column":8},"end":{"line":11,"column":15}},"11":{"start":{"line":15,"column":0},"end":{"line":15,"column":30}}},"fnMap":{"0":{"name":"(anonymous_0)","decl":{"start":{"line":4,"column":21},"end":{"line":4,"column":22}},"loc":{"start":{"line":4,"column":41},"end":{"line":13,"column":1}},"line":4},"1":{"name":"(anonymous_1)","decl":{"start":{"line":8,"column":46},"end":{"line":8,"column":47}},"loc":{"start":{"line":8,"column":64},"end":{"line":12,"column":5}},"line":8}},"branchMap":{"0":{"loc":{"start":{"line":6,"column":4},"end":{"line":6,"column":71}},"type":"if","locations":[{"start":{"line":6,"column":4},"end":{"line":6,"column":71}},{"start":{},"end":{}}],"line":6},"1":{"loc":{"start":{"line":9,"column":8},"end":{"line":9,"column":72}},"type":"if","locations":[{"start":{"line":9,"column":8},"end":{"line":9,"column":72}},{"start":{},"end":{}}],"line":9}},"s":{"0":2,"1":2,"2":2,"3":14,"4":14,"5":1,"6":13,"7":13,"8":1,"9":12,"10":12,"11":2},"f":{"0":14,"1":13},"b":{"0":[1,13],"1":[1,12]},"_coverageSchema":"1a1c01bbd47fc00a2c39e90264f33305004495a9","hash":"abd64e9738596e94d3a1cc93d35468f417448905"}
,"C:\\Users\\lenovo\\ProjectWorkspace\\notesentiment\\backend\\routes\\authRoutes.js": {"path":"C:\\Users\\lenovo\\ProjectWorkspace\\notesentiment\\backend\\routes\\authRoutes.js","statementMap":{"0":{"start":{"line":1,"column":16},"end":{"line":1,"column":34}},"1":{"start":{"line":2,"column":15},"end":{"line":2,"column":34}},"2":{"start":{"line":3,"column":12},"end":{"line":3,"column":35}},"3":{"start":{"line":10,"column":17},"end":{"line":10,"column":33}},"4":{"start":{"line":13,"column":2},"end":{"line":38,"column":5}},"5":{"start":{"line":14,"column":35},"end":{"line":14,"column":43}},"6":{"start":{"line":15,"column":4},"end":{"line":37,"column":5}},"7":{"start":{"line":16,"column":29},"end":{"line":16,"column":60}},"8":{"start":{"line":17,"column":6},"end":{"line":19,"column":7}},"9":{"start":{"line":18,"column":8},"end":{"line":18,"column":85}},"10":{"start":{"line":20,"column":6},"end":{"line":34,"column":8}},"11":{"start":{"line":24,"column":11},"end":{"line":24,"column":27}},"12":{"start":{"line":25,"column":10},"end":{"line":31,"column":11}},"13":{"start":{"line":26,"column":12},"end":{"line":28,"column":13}},"14":{"start":{"line":27,"column":16},"end":{"line":27,"column":82}},"15":{"start":{"line":29,"column":12},"end":{"line":29,"column":39}},"16":{"start":{"line":30,"column":12},"end":{"line":30,"column":74}},"17":{"start":{"line":32,"column":10},"end":{"line":32,"column":76}},"18":{"start":{"line":36,"column":6},"end":{"line":36,"column":62}},"19":{"start":{"line":41,"column":2},"end":{"line":73,"column":5}},"20":{"start":{"line":42,"column":35},"end":{"line":42,"column":43}},"21":{"start":{"line":44,"column":4},"end":{"line":72,"column":6}},"22":{"start":{"line":48,"column":8},"end":{"line":51,"column":9}},"23":{"start":{"line":49,"column":10},"end":{"line":49,"column":37}},"24":{"start":{"line":50,"column":10},"end":{"line":50,"column":65}},"25":{"start":{"line":52,"column":8},"end":{"line":54,"column":9}},"26":{"start":{"line":53,"column":10},"end":{"line":53,"column":72}},"27":{"start":{"line":56,"column":22},"end":{"line":56,"column":67}},"28":{"start":{"line":57,"column":8},"end":{"line":59,"column":9}},"29":{"start":{"line":58,"column":10},"end":{"line":58,"column":72}},"30":{"start":{"line":61,"column":8},"end":{"line":70,"column":9}},"31":{"start":{"line":62,"column":24},"end":{"line":66,"column":11}},"32":{"start":{"line":67,"column":10},"end":{"line":67,"column":30}},"33":{"start":{"line":69,"column":10},"end":{"line":69,"column":69}},"34":{"start":{"line":75,"column":2},"end":{"line":75,"column":16}},"35":{"start":{"line":78,"column":0},"end":{"line":78,"column":34}}},"fnMap":{"0":{"name":"createAuthRoutes","decl":{"start":{"line":9,"column":9},"end":{"line":9,"column":25}},"loc":{"start":{"line":9,"column":30},"end":{"line":76,"column":1}},"line":9},"1":{"name":"(anonymous_1)","decl":{"start":{"line":13,"column":27},"end":{"line":13,"column":28}},"loc":{"start":{"line":13,"column":47},"end":{"line":38,"column":3}},"line":13},"2":{"name":"(anonymous_2)","decl":{"start":{"line":23,"column":8},"end":{"line":23,"column":9}},"loc":{"start":{"line":23,"column":23},"end":{"line":33,"column":9}},"line":23},"3":{"name":"(anonymous_3)","decl":{"start":{"line":41,"column":24},"end":{"line":41,"column":25}},"loc":{"start":{"line":41,"column":38},"end":{"line":73,"column":3}},"line":41},"4":{"name":"(anonymous_4)","decl":{"start":{"line":47,"column":6},"end":{"line":47,"column":7}},"loc":{"start":{"line":47,"column":27},"end":{"line":71,"column":7}},"line":47}},"branchMap":{"0":{"loc":{"start":{"line":17,"column":6},"end":{"line":19,"column":7}},"type":"if","locations":[{"start":{"line":17,"column":6},"end":{"line":19,"column":7}},{"start":{},"end":{}}],"line":17},"1":{"loc":{"start":{"line":17,"column":10},"end":{"line":17,"column":32}},"type":"binary-expr","locations":[{"start":{"line":17,"column":10},"end":{"line":17,"column":19}},{"start":{"line":17,"column":23},"end":{"line":17,"column":32}}],"line":17},"2":{"loc":{"start":{"line":25,"column":10},"end":{"line":31,"column":11}},"type":"if","locations":[{"start":{"line":25,"column":10},"end":{"line":31,"column":11}},{"start":{},"end":{}}],"line":25},"3":{"loc":{"start":{"line":26,"column":12},"end":{"line":28,"column":13}},"type":"if","locations":[{"start":{"line":26,"column":12},"end":{"line":28,"column":13}},{"start":{},"end":{}}],"line":26},"4":{"loc":{"start":{"line":48,"column":8},"end":{"line":51,"column":9}},"type":"if","locations":[{"start":{"line":48,"column":8},"end":{"line":51,"column":9}},{"start":{},"end":{}}],"line":48},"5":{"loc":{"start":{"line":52,"column":8},"end":{"line":54,"column":9}},"type":"if","locations":[{"start":{"line":52,"column":8},"end":{"line":54,"column":9}},{"start":{},"end":{}}],"line":52},"6":{"loc":{"start":{"line":57,"column":8},"end":{"line":59,"column":9}},"type":"if","locations":[{"start":{"line":57,"column":8},"end":{"line":59,"column":9}},{"start":{},"end":{}}],"line":57}},"s":{"0":2,"1":2,"2":2,"3":2,"4":2,"5":8,"6":8,"7":8,"8":8,"9":3,"10":5,"11":5,"12":5,"13":1,"14":1,"15":0,"16":0,"17":4,"18":0,"19":2,"20":5,"21":5,"22":5,"23":1,"24":1,"25":4,"26":1,"27":3,"28":3,"29":1,"30":2,"31":2,"32":2,"33":0,"34":2,"35":2},"f":{"0":2,"1":8,"2":5,"3":5,"4":5},"b":{"0":[3,5],"1":[8,6],"2":[1,4],"3":[1,0],"4":[1,4],"5":[1,3],"6":[1,2]},"_coverageSchema":"1a1c01bbd47fc00a2c39e90264f33305004495a9","hash":"defa2b20411fecb738bfbbc48321784a00a24c50"}
,"C:\\Users\\lenovo\\ProjectWorkspace\\notesentiment\\backend\\routes\\noteRoutes.js": {"path":"C:\\Users\\lenovo\\ProjectWorkspace\\notesentiment\\backend\\routes\\noteRoutes.js","statementMap":{"0":{"start":{"line":1,"column":16},"end":{"line":1,"column":34}},"1":{"start":{"line":2,"column":18},"end":{"line":2,"column":38}},"2":{"start":{"line":3,"column":21},"end":{"line":3,"column":60}},"3":{"start":{"line":5,"column":18},"end":{"line":5,"column":33}},"4":{"start":{"line":12,"column":17},"end":{"line":12,"column":33}},"5":{"start":{"line":15,"column":2},"end":{"line":40,"column":5}},"6":{"start":{"line":16,"column":28},"end":{"line":16,"column":36}},"7":{"start":{"line":18,"column":4},"end":{"line":22,"column":5}},"8":{"start":{"line":19,"column":6},"end":{"line":21,"column":9}},"9":{"start":{"line":24,"column":4},"end":{"line":39,"column":6}},"10":{"start":{"line":28,"column":8},"end":{"line":31,"column":9}},"11":{"start":{"line":29,"column":10},"end":{"line":29,"column":57}},"12":{"start":{"line":30,"column":10},"end":{"line":30,"column":62}},"13":{"start":{"line":33,"column":8},"end":{"line":37,"column":11}},"14":{"start":{"line":43,"column":2},"end":{"line":52,"column":5}},"15":{"start":{"line":44,"column":4},"end":{"line":51,"column":7}},"16":{"start":{"line":45,"column":6},"end":{"line":48,"column":7}},"17":{"start":{"line":46,"column":8},"end":{"line":46,"column":55}},"18":{"start":{"line":47,"column":8},"end":{"line":47,"column":60}},"19":{"start":{"line":50,"column":6},"end":{"line":50,"column":21}},"20":{"start":{"line":55,"column":2},"end":{"line":83,"column":5}},"21":{"start":{"line":56,"column":19},"end":{"line":56,"column":32}},"22":{"start":{"line":58,"column":4},"end":{"line":82,"column":6}},"23":{"start":{"line":62,"column":8},"end":{"line":65,"column":9}},"24":{"start":{"line":63,"column":10},"end":{"line":63,"column":56}},"25":{"start":{"line":64,"column":10},"end":{"line":64,"column":67}},"26":{"start":{"line":67,"column":8},"end":{"line":69,"column":9}},"27":{"start":{"line":68,"column":10},"end":{"line":68,"column":67}},"28":{"start":{"line":71,"column":25},"end":{"line":71,"column":52}},"29":{"start":{"line":72,"column":29},"end":{"line":72,"column":38}},"30":{"start":{"line":73,"column":8},"end":{"line":74,"column":65}},"31":{"start":{"line":73,"column":32},"end":{"line":73,"column":60}},"32":{"start":{"line":74,"column":13},"end":{"line":74,"column":65}},"33":{"start":{"line":74,"column":37},"end":{"line":74,"column":65}},"34":{"start":{"line":76,"column":8},"end":{"line":80,"column":11}},"35":{"start":{"line":85,"column":2},"end":{"line":85,"column":16}},"36":{"start":{"line":88,"column":0},"end":{"line":88,"column":34}}},"fnMap":{"0":{"name":"createNoteRoutes","decl":{"start":{"line":11,"column":9},"end":{"line":11,"column":25}},"loc":{"start":{"line":11,"column":30},"end":{"line":86,"column":1}},"line":11},"1":{"name":"(anonymous_1)","decl":{"start":{"line":15,"column":38},"end":{"line":15,"column":39}},"loc":{"start":{"line":15,"column":58},"end":{"line":40,"column":3}},"line":15},"2":{"name":"(anonymous_2)","decl":{"start":{"line":27,"column":6},"end":{"line":27,"column":7}},"loc":{"start":{"line":27,"column":21},"end":{"line":38,"column":7}},"line":27},"3":{"name":"(anonymous_3)","decl":{"start":{"line":43,"column":37},"end":{"line":43,"column":38}},"loc":{"start":{"line":43,"column":51},"end":{"line":52,"column":3}},"line":43},"4":{"name":"(anonymous_4)","decl":{"start":{"line":44,"column":67},"end":{"line":44,"column":68}},"loc":{"start":{"line":44,"column":82},"end":{"line":51,"column":5}},"line":44},"5":{"name":"(anonymous_5)","decl":{"start":{"line":55,"column":43},"end":{"line":55,"column":44}},"loc":{"start":{"line":55,"column":57},"end":{"line":83,"column":3}},"line":55},"6":{"name":"(anonymous_6)","decl":{"start":{"line":61,"column":6},"end":{"line":61,"column":7}},"loc":{"start":{"line":61,"column":20},"end":{"line":81,"column":7}},"line":61}},"branchMap":{"0":{"loc":{"start":{"line":18,"column":4},"end":{"line":22,"column":5}},"type":"if","locations":[{"start":{"line":18,"column":4},"end":{"line":22,"column":5}},{"start":{},"end":{}}],"line":18},"1":{"loc":{"start":{"line":18,"column":8},"end":{"line":18,"column":34}},"type":"binary-expr","locations":[{"start":{"line":18,"column":8},"end":{"line":18,"column":14}},{"start":{"line":18,"column":18},"end":{"line":18,"column":34}}],"line":18},"2":{"loc":{"start":{"line":28,"column":8},"end":{"line":31,"column":9}},"type":"if","locations":[{"start":{"line":28,"column":8},"end":{"line":31,"column":9}},{"start":{},"end":{}}],"line":28},"3":{"loc":{"start":{"line":45,"column":6},"end":{"line":48,"column":7}},"type":"if","locations":[{"start":{"line":45,"column":6},"end":{"line":48,"column":7}},{"start":{},"end":{}}],"line":45},"4":{"loc":{"start":{"line":62,"column":8},"end":{"line":65,"column":9}},"type":"if","locations":[{"start":{"line":62,"column":8},"end":{"line":65,"column":9}},{"start":{},"end":{}}],"line":62},"5":{"loc":{"start":{"line":67,"column":8},"end":{"line":69,"column":9}},"type":"if","locations":[{"start":{"line":67,"column":8},"end":{"line":69,"column":9}},{"start":{},"end":{}}],"line":67},"6":{"loc":{"start":{"line":73,"column":8},"end":{"line":74,"column":65}},"type":"if","locations":[{"start":{"line":73,"column":8},"end":{"line":74,"column":65}},{"start":{"line":74,"column":13},"end":{"line":74,"column":65}}],"line":73},"7":{"loc":{"start":{"line":74,"column":13},"end":{"line":74,"column":65}},"type":"if","locations":[{"start":{"line":74,"column":13},"end":{"line":74,"column":65}},{"start":{},"end":{}}],"line":74}},"s":{"0":2,"1":2,"2":2,"3":2,"4":2,"5":2,"6":5,"7":5,"8":2,"9":3,"10":3,"11":0,"12":0,"13":3,"14":2,"15":1,"16":1,"17":0,"18":0,"19":1,"20":2,"21":6,"22":6,"23":6,"24":1,"25":1,"26":5,"27":2,"28":3,"29":3,"30":3,"31":1,"32":2,"33":1,"34":3,"35":2,"36":2},"f":{"0":2,"1":5,"2":3,"3":1,"4":1,"5":6,"6":6},"b":{"0":[2,3],"1":[5,3],"2":[0,3],"3":[0,1],"4":[1,5],"5":[2,3],"6":[1,2],"7":[1,1]},"_coverageSchema":"1a1c01bbd47fc00a2c39e90264f33305004495a9","hash":"46e33f560e6c16b881e1ae83bbc96210e6b12a51"}
}
