TN:
SF:app.js
FN:19,(anonymous_0)
FNF:1
FNH:1
FNDA:2,(anonymous_0)
DA:1,2
DA:2,2
DA:3,2
DA:4,2
DA:5,2
DA:6,2
DA:8,2
DA:11,2
DA:14,2
DA:16,2
DA:17,2
DA:19,2
DA:21,2
DA:22,2
DA:25,2
DA:28,2
LF:16
LH:16
BRF:0
BRH:0
end_of_record
TN:
SF:config\database.js
FN:3,connectToDatabase
FN:4,(anonymous_1)
FN:5,(anonymous_2)
FNF:3
FNH:3
FNDA:3,connectToDatabase
FNDA:3,(anonymous_1)
FNDA:3,(anonymous_2)
DA:1,2
DA:4,3
DA:5,3
DA:6,3
DA:7,1
DA:8,1
DA:10,2
DA:11,2
DA:16,2
LF:9
LH:9
BRDA:3,0,0,2
BRDA:6,1,0,1
BRDA:6,1,1,2
BRF:3
BRH:3
end_of_record
TN:
SF:config\setUp.js
FN:6,(anonymous_0)
FN:23,(anonymous_1)
FNF:2
FNH:2
FNDA:2,(anonymous_0)
FNDA:2,(anonymous_1)
DA:1,2
DA:3,2
DA:4,2
DA:6,2
DA:7,2
DA:14,2
DA:24,2
DA:25,2
DA:26,2
LF:9
LH:9
BRF:0
BRH:0
end_of_record
TN:
SF:middleware\authMiddleware.js
FN:4,(anonymous_0)
FN:8,(anonymous_1)
FNF:2
FNH:2
FNDA:14,(anonymous_0)
FNDA:13,(anonymous_1)
DA:1,2
DA:2,2
DA:4,2
DA:5,14
DA:6,14
DA:8,13
DA:9,13
DA:10,12
DA:11,12
DA:15,2
LF:10
LH:10
BRDA:6,0,0,1
BRDA:6,0,1,13
BRDA:9,1,0,1
BRDA:9,1,1,12
BRF:4
BRH:4
end_of_record
TN:
SF:routes\authRoutes.js
FN:9,createAuthRoutes
FN:13,(anonymous_1)
FN:23,(anonymous_2)
FN:41,(anonymous_3)
FN:47,(anonymous_4)
FNF:5
FNH:5
FNDA:2,createAuthRoutes
FNDA:8,(anonymous_1)
FNDA:5,(anonymous_2)
FNDA:5,(anonymous_3)
FNDA:5,(anonymous_4)
DA:1,2
DA:2,2
DA:3,2
DA:10,2
DA:13,2
DA:14,8
DA:15,8
DA:16,8
DA:17,8
DA:18,3
DA:20,5
DA:24,5
DA:25,5
DA:26,1
DA:27,1
DA:29,0
DA:30,0
DA:32,4
DA:36,0
DA:41,2
DA:42,5
DA:44,5
DA:48,5
DA:49,1
DA:50,1
DA:52,4
DA:53,1
DA:56,3
DA:57,3
DA:58,1
DA:61,2
DA:62,2
DA:67,2
DA:69,0
DA:75,2
DA:78,2
LF:36
LH:32
BRDA:17,0,0,3
BRDA:17,0,1,5
BRDA:17,1,0,8
BRDA:17,1,1,6
BRDA:25,2,0,1
BRDA:25,2,1,4
BRDA:26,3,0,1
BRDA:26,3,1,0
BRDA:48,4,0,1
BRDA:48,4,1,4
BRDA:52,5,0,1
BRDA:52,5,1,3
BRDA:57,6,0,1
BRDA:57,6,1,2
BRF:14
BRH:13
end_of_record
TN:
SF:routes\noteRoutes.js
FN:11,createNoteRoutes
FN:15,(anonymous_1)
FN:27,(anonymous_2)
FN:43,(anonymous_3)
FN:44,(anonymous_4)
FN:55,(anonymous_5)
FN:61,(anonymous_6)
FNF:7
FNH:7
FNDA:2,createNoteRoutes
FNDA:5,(anonymous_1)
FNDA:3,(anonymous_2)
FNDA:1,(anonymous_3)
FNDA:1,(anonymous_4)
FNDA:6,(anonymous_5)
FNDA:6,(anonymous_6)
DA:1,2
DA:2,2
DA:3,2
DA:5,2
DA:12,2
DA:15,2
DA:16,5
DA:18,5
DA:19,2
DA:24,3
DA:28,3
DA:29,0
DA:30,0
DA:33,3
DA:43,2
DA:44,1
DA:45,1
DA:46,0
DA:47,0
DA:50,1
DA:55,2
DA:56,6
DA:58,6
DA:62,6
DA:63,1
DA:64,1
DA:67,5
DA:68,2
DA:71,3
DA:72,3
DA:73,3
DA:74,2
DA:76,3
DA:85,2
DA:88,2
LF:35
LH:31
BRDA:18,0,0,2
BRDA:18,0,1,3
BRDA:18,1,0,5
BRDA:18,1,1,3
BRDA:28,2,0,0
BRDA:28,2,1,3
BRDA:45,3,0,0
BRDA:45,3,1,1
BRDA:62,4,0,1
BRDA:62,4,1,5
BRDA:67,5,0,2
BRDA:67,5,1,3
BRDA:73,6,0,1
BRDA:73,6,1,2
BRDA:74,7,0,1
BRDA:74,7,1,1
BRF:16
BRH:14
end_of_record
